3 9504 7632 9189
3 8890 978 8026
3 2581 2887 2049
3 8670 6686 1657
3 2384 7433 40
2 7468 4793
3 7013 5071 8113
3 1135 6753 5370
3 8773 7206 1444
3 203 2528 7310
3 7227 4818 569
3 2418 1344 6620
3 3654 7581 5953
3 8227 1546 7951
3 9121 8727 3259
3 7716 4557 4395
10 7270 872 25 7051 6516 4362 6064 3525 5745 5019
4 6252 1023 4417 4622
4 719 2288 2669 9089
3 2176 820 6668
8 4679 9044 389 1180 2277 7918 2664 1960
3 6321 180 3749
7 563 7613 4337 1457 8658 5753 4747
3 1178 8563 9843
3 3647 773 932
3 3321 7678 6101
3 7109 1159 5138
3 7948 1190 1845
3 3578 2758 3848
3 3696 1339 5294
3 6031 9287 1642
3 9256 9377 8722
8 5137 8968 9600 5599 5106 8384 1927 8705
4 9550 4006 4604 208
4 6403 9763 3870 6993
4 2015 1146 4949 7992
3 6039 4941 1722
3 4829 5226 788
3 5991 5067 4700
4 7913 1376 5821 3313
3 2736 7376 1004
3 1105 6190 1356
4 8758 1319 1284 3071
4 311 2751 2951 2186
4 7936 1529 4868 2411
3 9913 5441 4811
3 7325 3207 6650
2 3202 3638
4 8878 7284 2265 7899
3 9459 7458 6659
4 9449 4070 5578 458
5 5649 1067 5813 3965 3643
3 8184 4471 5174
3 3358 8730 6285
3 8965 9824 4844
3 8578 492 6349
6 1563 2346 6521 5450 6945 8716
4 7862 7684 9693 8147
3 3708 8824 9366
2 8967 9359
6 549 8024 7546 9346 7432 1737
11 1776 2233 3196 7196 8553 7947 6677 8478 5787 6653 9303
24 2735 9187 8848 1030 9543 2518 6141 7847 8094 674 7501 4358 4135 5506 3006 647 1423 8441 45 4779 4479 5414 5173 5100
17 4948 6004 3632 1634 5690 4415 4773 2933 6129 5997 5461 4577 8508 3853 5236 9909 3714
3 1192 9803 1942
2 9927 89
4 4644 3729 7655 3791
3 5480 6018 6557
3 7575 5513 7343
18 3580 7028 2230 5711 1474 4274 2630 4625 6226 9865 4492 6792 2995 702 2567 8808 9050 1987
20 3090 113 2512 530 935 7534 9822 6596 7065 2777 8821 8340 2088 3137 3835 2968 6051 4976 2025 8693
19 768 6752 4080 3490 378 9381 1947 9513 2844 9456 723 8623 1347 6616 188 3688 2207 1307 1299
21 7957 8489 5744 5887 5756 9738 6380 5433 6962 6301 2729 2237 1610 3472 5669 9435 6766 4516 9148 5167 7328
3 6912 1000 1325
6 1209 3362 4420 3903 1047 6921
4 1560 9251 4736 7069
24 9313 1228 5746 7638 1986 3816 3414 2442 5088 7457 7078 680 8344 7285 5255 6259 7031 1749 4240 8662 4990 9103 2627 8266
23 5934 2828 627 7117 9806 2031 330 7479 553 8953 9849 5664 1854 8297 4612 93 2822 4563 2100 6530 6148 6898 1448
12 3055 3409 2293 2657 6550 310 486 1914 13 1377 9677 4386
3 2573 8397 6531
24 6466 6952 2424 1593 9011 2036 8110 5952 7729 6932 3811 5794 8431 6859 8170 1780 9615 7452 4510 4286 173 1923 7533 6802
4 5018 3381 5059 2769
22 4058 8302 4624 9353 3502 921 4441 5221 7142 3494 9143 7741 6249 9175 5961 312 3273 3533 242 5024 6096 9891
3 2297 1555 6152
3 3608 7061 8606
10 4758 554 7512 1564 856 767 230 9740 4177 1933
4 1273 7444 9530 7139
3 666 4646 5653
12 7929 2603 2748 8224 2825 2653 5809 8793 5742 1652 3822 5714
19 8292 7186 5113 5060 9401 730 8816 7193 7113 9754 1286 9295 6165 9999 2806 1599 1490 1153 2225
22 4309 9020 8020 2957 1054 4088 3051 8353 1864 6248 8097 1071 8549 288 4051 5820 1021 4054 3612 1802 7467 9214
4 1867 8192 7621 8875
12 2519 8271 5875 3910 1830 3114 6591 3388 1327 6302 1954 2069
21 6381 7140 4546 4112 5025 448 8085 6762 2680 3722 4992 9748 4573 5762 515 5190 2998 8721 6626 6408 1871
8 5970 4882 8792 4404 7994 4636 9723 5020
3 9563 6544 712
21 6822 8698 2788 608 2881 4938 5287 584 3752 9056 6617 5080 9245 3118 8240 5327 9714 3074 2763 3447 7833
18 5324 2507 6558 3092 9640 3966 146 4403 4819 3767 9055 995 6291 3590 3280 7943 6113 2111
3 6377 9360 3559
3 2465 8071 3288
4 4078 3614 3827 4432
6 4435 5562 7506 3298 2840 1393
10 187 6418 6329 9685 9579 3824 1087 3448 6892 5312
3 5983 4325 2850
4 3147 1785 2448 6106
18 1040 7320 8203 1804 2167 1676 2191 6830 9682 9664 179 223 9961 3676 9878 9582 3927 8755
21 7657 7810 3029 206 6265 7934 2464 9645 8998 8830 5391 8473 884 651 8325 4668 1408 2993 1921 8229 5845
8 6663 1724 6110 6741 4482 3341 7713 8417
4 4525 3291 3709 2593
3 2718 9910 5688
6 7070 789 233 9914 5471 1304
21 6689 8564 8376 3989 4299 7277 9199 189 6548 5350 4082 558 850 8678 5749 1858 2908 9493 4030 634 8452
19 3629 3410 1630 8629 9869 6474 2937 1762 7150 8326 9072 4122 2510 14 5811 8622 1484 5761 7304
4 4839 9483 9520 8973
3 7804 5886 3955
21 6670 1332 2357 8713 6765 7337 6357 2857 7176 6172 7672 257 6382 4333 351 2548 6157 6594 7410 6684 5005
5 1757 4536 5371 2620 5530
20 88 8189 8715 2780 497 2663 6597 2867 1096 7630 8881 3774 7775 7291 7705 1604 8432 1868 3487 912
17 474 726 3947 6293 5679 7194 9026 2749 6282 1894 1703 654 5378 8503 2172 7182 4680
22 8477 4877 4455 720 3050 4602 6886 9232 3731 1199 1781 9739 6320 3359 3748 6028 6032 4977 1204 1060 6054 7980
17 3607 6767 8209 2784 3510 4973 5344 408 3536 7265 8294 6229 7242 9338 1751 6060 2290
21 423 9411 8262 4223 8573 6475 4704 3669 8687 2557 6581 6509 5136 2889 7706 3703 1026 455 5293 9772 2287
23 1992 3651 1524 9633 3191 5678 4139 1239 4256 3429 7080 5373 9542 7978 813 2858 5229 8837 5949 432 1931 1646 8659
11 3371 8557 5112 6159 3512 3453 8245 5975 6348 7669 5217
19 9847 1447 9137 3557 9135 7448 5844 5608 2710 5763 8720 8016 1426 5812 1390 8641 116 9380 7095
10 2247 6189 6208 7075 229 5618 1969 9587 2492 915
21 2061 8213 2006 6951 5816 7494 7816 7316 7727 776 2768 3805 4385 3900 6501 5689 7047 8374 8078 4159 9236
20 303 1492 9087 8440 6340 8187 156 6582 6769 4698 6184 8886 5084 2451 9058 4735 6676 4449 5823 5544
16 7005 1414 4255 4666 6480 5910 2125 1416 2269 631 2251 438 8083 6117 7309 2739
22 8175 9291 7553 8786 7086 6503 8937 3205 6904 1842 7904 3844 4762 2380 9989 5489 5257 6417 4092 4759 3935 3079
21 606 8675 1013 1588 3066 98 7239 4802 7259 836 7330 6564 7023 4852 2529 8522 5733 2596 8393 6134 5501
19 6412 9166 2742 4228 4029 7840 5994 8610 1431 8935 3389 1385 4275 8666 7673 6481 4272 2682 1396
4 9752 1817 6644 9067
7 8731 4984 6304 8198 2866 8994 5825
20 3549 3333 2791 2782 4003 9180 7477 8028 3735 5001 9998 4925 3312 2759 5215 5316 2819 9561 3837 2098
22 2009 3276 2915 9874 507 9392 7274 350 8014 3992 3213 80 2204 2524 8949 8411 5559 8322 5417 752 4911 6221
19 4071 6654 8774 6255 1628 5107 7019 2966 9644 594 5498 5383 5066 6335 869 1707 4127 3547 4332
11 1138 1227 315 409 2382 7628 348 454 6090 1559 7011
6 8711 6610 3272 6 5807 447
17 9679 6662 5517 2216 8194 2406 6910 5306 589 441 3516 4380 3702 6514 8264 4232 3813
22 9619 1883 2523 6942 3605 2577 3818 2368 979 1979 6678 4898 2793 1554 620 5747 2474 1983 2703 3154 8551 8314
23 2883 9698 4428 4170 5425 69 5668 9620 6648 1459 7659 592 2144 4936 8394 764 6287 6535 8839 7426 4967 6624 4592
14 5335 3564 4208 3779 9071 8111 7519 5379 2311 4820 6087 5750 5496 1424
18 3442 8149 6155 8803 7686 2059 6132 3524 8815 2308 9509 8389 9861 9668 2608 226 4626 9970
18 5235 9626 7230 9385 5593 2343 6306 2154 5484 7340 6988 5776 1371 5773 3343 4134 2509 6883
21 5868 6135 3976 1221 6069 7190 8529 3393 8798 7490 4608 5384 8946 8900 3179 2815 2592 8355 9770 7181 8214
22 7965 5902 4511 4848 951 4656 2781 3117 137 9826 7094 4915 3736 2454 8365 9599 4753 4901 3700 9834 9790 6070
20 1097 3667 1090 150 2973 4020 4914 1487 7778 6279 8534 9489 8231 748 4172 9501 1976 5044 471 461
21 2917 3697 7846 1010 210 1913 3949 1415 1051 8339 7090 5520 9755 8914 9528 31 4220 6435 9070 4292 9437
18 5717 3826 9636 9314 7492 1553 4355 8620 9784 243 6755 2549 8633 7850 5322 6158 3850 9713
22 5440 2589 9691 4761 8991 6729 7068 4532 8904 5340 686 8077 2091 3852 6817 425 8743 6281 973 6627 5859 5708
23 8950 5808 3170 9282 3263 989 2333 6969 5366 6630 2893 7610 6513 9686 9588 1462 1144 10 259 3136 5644 4049 1746
23 6277 5402 5359 5006 5507 439 4141 4862 8809 21 1747 9533 8199 2894 4603 9448 6725 6445 8512 2264 2572 2886 9791
3 2720 1880 9609
16 519 7318 8104 7648 5347 6222 1695 3809 2379 6572 5590 7524 1432 6978 3013 1853
19 3167 5027 8566 7102 7787 5539 7386 9836 2315 5094 1364 7497 2619 4952 1764 1118 7146 904 9439
9 9409 4352 8788 5141 1086 6093 8947 7970 7906
8 2432 1208 174 4580 6085 4193 6506 5930
22 1269 6239 9487 7690 9477 161 2527 2415 6041 6389 9658 6543 4900 784 143 4808 8836 6606 805 9801 7625 8053
6 9003 8029 5307 7909 5646 6464
12 7952 9347 2642 2338 6023 8412 967 2099 8278 4716 8933 6983
16 5693 7156 9768 9030 2981 2693 4204 614 4258 7408 3890 6914 5925 4042 7187 9828
4 3817 6879 9515 1562
11 6541 7180 166 2401 6567 1922 8982 9764 1308 5126 8141
10 6901 5218 1984 9845 7122 4052 9465 9129 9054 1195
7 7108 4301 4181 1961 6603 7933 3019
6 3307 2166 442 1143 923 2302
20 9976 6150 2198 4657 376 7988 4924 624 7510 1041 1409 9076 6014 4972 8345 3046 9583 6819 8943 6559
23 9514 8290 825 7870 9743 6538 7191 6672 9159 6699 5470 8010 4468 9047 8230 1320 5166 5582 6555 5633 9373 9264 7416
21 6198 9935 3329 3017 3475 9182 1346 4971 2907 3216 6540 9933 5346 4148 2747 3637 5897 9534 4766 9594 9930
4 672 3239 3760 240
8 2316 8787 2717 7972 8913 2830 3704 2148
21 5445 2324 7104 277 8835 1252 6119 871 8851 9160 6880 7635 8975 1816 1049 6427 1536 7800 293 9278 7472
22 1066 8559 3197 1635 6327 164 6580 7387 2121 5481 5268 26 5877 7997 165 7397 8065 495 3187 6994 3790 1573
3 1803 2939 1088
22 375 3005 328 2455 7666 1755 8421 9068 382 2110 5176 3699 8061 7930 7658 7989 488 4142 3042 994 9807 860
18 2571 219 8073 5621 5291 5557 4944 938 561 134 4100 6499 5348 4176 9829 1480 8247 6359
24 2695 658 6457 892 9559 2132 5495 6313 7425 8263 6566 3454 9880 3919 5164 3794 393 6300 8663 7165 5416 5900 7758 7017
5 5192 8306 4390 7460 6020
22 1900 7709 3384 3068 6922 6498 1460 3721 3102 8506 285 5801 8153 8281 3246 2902 7962 762 4996 4182 8246 1149
8 7561 7398 9595 9469 6645 1626 1582 1112
21 1315 7455 2928 318 3119 5724 2602 4068 8767 2478 539 2162 3630 6511 2184 1645 6065 9831 7115 1169 6848
3 1515 4796 7813
21 6263 2313 2714 2711 7406 5829 3783 3778 5298 8237 4840 4950 9708 1713 1225 9294 535 1788 6554 1238 3204
19 6002 9207 4583 5510 3739 39 5134 1772 2461 9621 6935 5010 269 7917 3327 1766 9507 5973 1383
4 7499 7347 7773 4823
21 1335 5971 4959 8979 3833 9130 4017 7275 4824 6146 5908 5738 2462 1108 5531 1077 579 2087 5202 4556 4328
18 7401 3049 6747 1530 4421 3445 6244 5260 1891 8599 8885 7478 427 8581 2926 4133 8127 929
18 9675 9402 2074 6128 3036 8615 388 698 412 9029 2582 2481 2491 3395 9004 4850 6925 5469
6 5300 7849 8303 9451 5550 3506
8 700 7864 1697 2896 8188 7679 7362 7601
5 713 9985 8719 5573 2209
10 48 9405 8449 3188 8546 1140 6217 2991 1690 4754
14 9084 5727 5393 1489 3603 4450 8895 9049 1940 1479 5661 7351 5754 2291
22 8708 3655 2422 3426 1685 9273 578 1436 7614 6974 6102 6813 8745 2124 324 2970 9973 1594 6840 3782 6342 4582
19 4742 2327 1421 1111 8445 3315 4244 9322 6692 3221 1131 2284 4401 5895 5258 9939 9119 6406 2935
21 6831 3540 4200 8448 3433 7882 629 4939 2534 8958 3061 2668 3771 2070 3206 6323 7057 8275 235 2299 4353
21 7475 8086 7585 4720 846 9100 2217 7633 6868 3635 1889 8828 5840 4412 6276 9960 8595 1568 5632 5945 6577
4 7429 3936 766 1274
22 6815 6361 3148 9412 565 3116 952 7143 5317 7189 964 1321 3776 4672 7241 5396 1262 3792 42 8976 7607 714
4 7119 4520 6960 685
21 3253 9920 7631 5686 4205 3338 9652 4561 8064 3323 1253 8936 4004 2428 5648 4198 1765 7496 8475 3041 1495
21 5497 610 902 4863 6173 4344 7010 6426 852 3222 1035 9653 9578 54 7836 9895 770 8206 2827 3825 3599
19 1005 7114 2335 6430 4709 5021 4209 7842 3256 5320 4727 3548 3633 9780 9146 7466 4322 1837 4640
19 4214 5213 3773 718 8747 761 8665 369 7503 4496 6462 4000 8679 8762 8948 2050 8862 5116 7626
19 4094 4475 9974 9666 1313 8133 4245 4123 5087 9687 9462 8822 1821 9986 3014 7461 4136 5896 9460
13 3693 739 3160 1995 3200 2305 1627 7253 4317 3028 7560 4757 9178
4 2920 7779 8596 6378
18 622 6735 9586 2731 5124 6850 7488 8218 8284 8335 4500 879 5431 5977 959 6250 2329 9508
21 117 7293 8323 3317 6220 4409 5628 3122 5064 1464 7134 6995 7280 3552 3219 6303 2879 7136 7919 9225 4158
10 9707 9090 493 2440 2686 559 8493 1709 2177 8490
11 8329 6139 3951 5377 2916 8298 8571 5296 2289 5918 2306
12 568 1438 5487 4910 1186 4854 6013 5405 3432 5985 2337 4845
17 4601 9670 5572 4630 977 8155 6247 4559 3161 3515 8753 2872 5625 5563 9220 1591 8572
18 5086 7891 854 9737 6907 9659 2931 1132 815 1007 7157 1795 5338 6322 339 6118 1694 2797
20 5299 7064 7319 9289 5241 990 9284 5635 9397 6042 2004 605 9211 7744 9124 3390 6324 7902 7042 3004
5 2135 4717 6583 437 2692
21 1305 6794 2106 4507 849 6927 8806 7971 7898 3293 5561 7071 3374 9398 2795 8891 1633 5827 4406 3528 3404
16 8640 7198 1970 1430 2984 883 4523 798 3911 2136 4934 8538 6161 2940 2530 590
19 8102 4260 6168 5516 7668 9118 1537 3986 5486 7788 9021 6611 8276 5463 844 1579 528 3076 6751
8 4379 1784 7451 9255 8464 8253 251 6661
10 8703 5881 8586 6536 6575 3530 5969 8726 6775 5786
17 3855 7188 4084 9702 4595 7555 6416 2670 6298 4191 7892 5053 6207 6953 510 7942 8142
21 8310 1879 9246 8207 1949 3194 2173 1282 1736 9798 6928 2283 7050 4431 9787 9082 9024 7756 4884 7880 1934
8 2949 6843 1206 5444 6384 3730 9908 1519
4 7861 2212 7522 737
2 306 1114
4 677 9954 8000 628
21 5860 3168 5948 6875 839 9654 4658 2852 1768 7498 4224 7650 4419 8568 7437 996 8790 5361 505 8058 1805
5 6916 1815 1381 6143 1539
4 4059 9252 8402 2376
3 4494 2053 2502
23 9325 3257 4194 4502 168 9625 354 4366 9964 2192 320 581 2876 1056 8202 4238 198 8126 6224 3679 4983 5616 340
10 7956 9463 4815 9757 5917 3789 5622 384 1998 3904
22 4150 1170 1852 5089 5285 8940 3468 3482 2407 2234 2063 9943 2364 7703 604 5834 4231 1298 3229 5549 8487 9441
21 1543 3245 271 5214 1240 6012 2178 9833 7609 2805 2142 43 3980 9756 1481 1283 5130 9977 4073 6312 2019
10 4008 2278 9452 3461 7430 3022 6000 6463 1015 7986
18 9140 5227 5990 2495 640 9065 2706 6657 2246 8160 4569 1538 7815 2812 8070 5432 9304 2485
4 6783 4411 1545 7916
20 9888 4098 3104 284 5662 379 4074 5532 3828 2263 7121 3360 3728 9978 4968 3598 5485 220 6812 4472
20 5245 9851 8574 1260 1977 823 9647 4249 894 7528 1615 6010 652 8923 2439 3625 556 3595 65 3464
10 9305 6529 8892 8348 8605 5883 7228 4061 3310 3597
3 1978 5903 8319
17 6807 6656 3208 1177 3325 97 4965 4121 684 905 3810 1542 2444 5003 2300 2983 8226
21 7928 9046 7082 5771 1908 417 982 422 2240 2977 2722 1176 6801 5475 7688 1715 5404 3750 6790 8331 5474
6 3156 1002 9418 6665 8343 1187
19 6228 3758 5748 3566 8682 772 8585 8023 8334 9231 3926 5828 1354 1213 5536 5612 4715 8618 5579
20 7399 1609 513 9815 984 4744 6460 3135 6397 2413 8006 3209 7059 1836 2196 9661 1231 1241 5108 2447
20 3030 8739 5017 4733 753 3802 4119 5782 3163 5000 687 6169 750 9230 5198 9275 3642 3613 9413 4242
24 7040 6780 8425 842 6206 7249 6563 2651 708 9156 7516 1679 8150 1042 5785 7521 6075 6520 5946 3159 4140 7046 8011 7675
21 3555 3546 7471 3865 4107 415 5008 5062 9270 2796 8471 8525 2342 4087 148 2836 4367 6405 6709 3600 5852
22 3444 1794 2899 200 8157 9575 4957 1693 643 1561 688 1322 5980 7747 7053 2344 4748 3304 5159 6899 1905 1115
21 4618 2429 9052 8902 3594 5830 2790 3278 3534 5502 1666 1919 1126 3788 7718 6019 4423 9040 1093 7027 140
4 273 9925 7482 2516
9 6695 3527 4635 7662 7147 3297 8718 1297 3954
22 8962 19 2838 2975 3129 9613 9576 876 847 2612 4539 9083 8048 9883 5842 2913 5201 6895 898 6242 9745 8510
11 837 5858 8832 8915 7453 1706 3015 4752 3620 1020 6268
19 2869 3249 3849 502 3375 2000 1422 6999 7749 7363 1229 9258 7960 3407 258 8849 4937 1009 8492
19 6724 5743 6410 35 4913 2330 4470 9848 9363 3320 6309 8056 5580 4876 1811 3719 2011 1877 843
20 3869 477 5856 5920 3972 5428 8037 8652 799 582 1682 3337 4991 6145 8341 3741 1014 1535 8299 6683
12 734 1024 4233 7372 4528 4465 4691 8391 3591 3271 4929 7823
18 9393 2531 4836 9897 6243 7872 7627 7707 7720 6773 2202 4600 4169 5687 4335 5376 1572 4269
10 7463 6044 4414 3024 482 3740 4329 9048 1705 7388
21 4855 8587 8699 5369 7255 7152 9158 5193 1779 2645 1513 5851 5898 9839 8999 8248 8295 4168 1446 7996 3044
19 8518 6900 2436 1121 2783 2470 2480 2359 6855 2936 9453 7127 3431 1813 8516 8922 424 1368 4683
7 9216 4048 1956 9642 7100 5063 4985
4 6745 6744 8422 6170
12 84 5615 3572 435 3230 9750 763 16 8657 4799 3558 3856
3 4377 4027 8139
6 5769 6269 3430 9249 835 8135
18 920 1838 1625 6307 7097 7342 7762 6562 1411 3682 8704 4381 3864 9147 3742 7789 1915 1754
7 4637 4873 5654 2566 4838 4321 3737
18 769 7711 7314 7380 5352 6062 8820 8481 5072 7556 3519 3504 9301 1058 9946 9290 7700 7403
2 4887 4476
10 4090 7020 2649 6515 446 2353 6759 4280 2469 3481
20 3988 7435 6493 9556 3541 4153 7884 6009 3507 3689 262 588 5178 9540 418 6958 1456 9038 2156 163
13 4307 4056 9473 5466 428 5602 6526 8259 252 1098 7267 641 5533
18 1833 7993 2147 656 657 636 2021 5730 5705 7771 7634 1219 756 9552 2466 79 2587 9447
20 4842 8158 7373 4940 7811 2115 1930 196 4235 6387 1654 2911 291 9257 694 3571 6917 9293 3526 356
18 222 1512 2963 8328 8536 2982 7535 1475 9031 7392 8031 600 7767 8929 2698 6142 5978 7591
4 6706 9349 7760 8430
6 5885 8783 9503 4588 3367 8235
12 6961 8630 7704 6164 7557 3583 5751 9364 8782 8099 8047 7733
19 957 7287 8277 6473 6647 8038 5684 4212 8115 6225 9899 1478 1085 2334 669 3523 5031 4108 3289
16 4894 696 7768 199 6903 9819 5437 8500 4772 3508 8121 9081 4932 3868 807 464
21 24 1113 9274 9012 498 8173 7732 5603 7830 816 6820 7195 4345 71 7589 4530 1064 1362 1946 673 5331
20 29 3236 5818 3601 8309 6634 9497 2075 6114 946 3438 9663 7233 6355 5676 2016 8954 7393 7375 7048
16 1664 190 6053 4065 8244 9376 1342 2285 1033 322 1893 2298 4551 2052 7968 9192
21 297 7889 3424 2118 7876 9512 5815 353 8413 7483 153 6578 2155 4436 8619 9718 2865 1341 3125 8414 7066
6 2944 1959 6825 5780 8433 4647
19 2356 1384 1100 2539 5120 6984 1365 6805 3624 9474 2715 940 7844 4763 3265 828 2354 564 9374
8 8204 400 6003 908 3088 5334 7252 6869
2 8088 1018
22 5424 394 4885 8274 601 7710 4035 3439 9639 5380 9624 78 7753 6894 3166 804 9112 7667 3611 1957 5314 987
20 2559 9649 6786 4349 3398 7682 5279 2809 8182 4012 1525 4152 3081 8561 1285 1586 4995 9422 3686 2978
16 268 2123 7792 2112 494 524 3031 6495 5810 6431 8576 1806 1427 3134 5099 5357
18 961 8458 8548 248 4405 8167 9151 8239 5140 4730 3296 548 8934 5248 6470 8701 4040 3012
17 9283 3990 332 4493 7344 8272 8857 3277 9894 4438 5505 3020 9585 1699 9827 3766 5121
5 372 567 5295 3560 2767
3 1888 1855 8119
22 2986 7612 7357 1869 5955 2261 9949 5457 7903 3173 5941 9403 1533 1925 8759 9821 9336 7154 28 2514 3592 6929
20 8520 9128 6455 7446 5054 6399 1660 4832 4340 4128 5589 6687 4210 1280 1899 6717 4157 1073 9117 7523
21 8342 2079 6756 1640 8653 9712 4615 4503 6832 5070 3905 7757 9862 8215 4614 6889 4998 926 1439 3198 7622
19 8840 8484 9191 4830 881 9394 2760 4221 774 744 2431 4373 6214 191 1935 8249 690 6127 2182
2 2591 9997
3 1874 4469 6795
21 541 3311 5189 3403 9735 4639 6946 9741 6680 6602 1289 870 6371 1878 3322 6005 8108 707 5052 7722 3303
4 1194 5553 1022 7149
19 445 5387 5710 6420 8554 8768 2473 2556 9810 9444 7782 8632 9840 8825 8233 5758 2203 8300 7697
22 3281 3640 6669 9485 9002 633 5238 4857 1831 6452 1034 9092 9471 5509 5151 6074 6035 7742 2500 1786 5993 6235
5 9523 1407 8447 6527 5889
20 9799 2296 9495 5626 6356 6133 249 5556 8986 7192 6873 2416 9856 3143 6482 6976 1775 7731 2119 7807
9 2008 8736 3176 9631 6413 3086 5281 1129 4540
21 8395 3596 7428 4794 4673 4202 7438 3952 550 4043 9547 2498 2499 1333 1849 4230 5652 4339 7651 2744 5837
2 476 5254
19 3149 6404 5954 1500 3615 6512 1721 76 9541 3650 1623 3363 8752 4261 9699 1394 6241 7036 3877
2 1399 218
22 4143 6502 8426 6409 6966 9761 5962 2122 8063 6059 8437 4025 1119 5103 6768 4174 7802 5893 8959 6038 9299 3428
16 3471 864 533 3840 2323 7665 7383 2678 4931 8354 5624 1074 5937 9431 5092 8778
3 1778 2445 6845
20 55 9733 2426 6202 7226 5650 6484 7940 1702 183 9966 9924 4599 4351 9608 2550 9010 9555 5286 9991
19 5341 1637 945 4575 8040 5158 6089 8780 8661 9152 985 9788 3324 1367 4365 5232 8072 5707 289
9 9864 2412 4361 2697 7719 919 3223 1397 9467
17 6115 9820 1689 5541 6058 8035 8761 254 1037 7854 706 6311 18 5836 998 7381 1636
22 2912 4387 1142 3199 4115 6537 3759 9731 8987 9379 2057 7062 8107 1763 3889 6046 8893 9307 3063 5185 8740 217
10 4687 9852 9744 3225 5325 6112 2381 6350 3687 5420
18 2576 1323 5049 4207 8856 2654 7558 115 3570 991 8304 8672 7835 9601 6365 3941 9123 5904
5 5332 4138 6911 1215 2249
18 5598 6884 4154 1102 8379 6989 3829 9436 9929 5570 3023 6761 1590 4364 2326 3690 3408 2656
10 6913 7677 3821 23 1442 7784 7235 9389 9461 4490
22 4788 1372 874 9105 5156 645 4099 8667 3210 6622 7130 470 3001 9697 323 2131 787 5184 2676 8270 7793 8195
19 4346 3918 6200 7579 6251 9817 3496 2765 6325 6124 4678 7450 6154 4447 6947 1769 8931 8007 9867
22 157 6485 4437 9627 9830 5663 8995 2954 2270 1428 2740 1818 7250 7056 3235 9580 6614 2133 1526 8729 247 7268
2 7110 9921
4 1973 7990 3252 5157
17 5161 8055 211 5426 6178 880 2546 3178 2476 4751 33 7577 1258 298 9885 6432 4363
2 5982 7671
19 4495 3579 1251 3991 4705 9138 3694 2561 1918 5098 5330 1744 5736 9184 1473 4166 6284 6824 9689
18 3103 7687 6924 7248 7085 1873 9681 6618 6319 129 5639 2018 4005 8251 3718 5737 8165 9266
21 6160 6658 2143 9813 326 267 9037 3345 7014 8819 6116 7153 9102 9760 440 4162 1991 9053 8870 6393 5016
19 9581 2026 8410 7174 7364 3227 5394 1819 7588 2433 7504 8356 6099 1759 831 2244 4671 3248 4605
5 1735 2538 3354 6517 305
20 6965 1734 9316 7000 3220 141 6197 4722 2923 7352 3973 8081 7367 3056 911 5960 5048 4281 3113 7743
17 1866 6877 47 6360 1723 5914 613 8845 5401 1659 2096 9660 456 3034 7790 8749 8903
13 6424 5358 3459 4196 1904 9286 2541 9519 5604 2762 4284 9445 4060
4 2941 7464 8330 7436
10 5716 8932 7116 661 9890 950 6238 3705 6980 1214
17 580 9996 2690 511 3232 5847 3211 5658 5168 2214 9903 1808 3957 329 9421 3619 9700
20 585 1860 5540 57 6523 6261 9062 6297 7754 4768 2684 3330 2487 362 2726 2849 6212 8387 6191 8700
3 499 9868 101
19 8406 7329 9965 2056 8609 867 5610 194 1814 155 5850 5412 4774 6131 8879 7563 3284 944 4926
20 2020 817 9267 7867 9345 4645 5913 8373 2370 6262 9732 5152 3427 4956 2127 8838 2032 8122 5186 363
2 2660 6441
22 7141 1406 209 8614 6402 4786 2128 9553 6793 216 5976 1094 4144 5365 1358 2629 1156 7290 9721 5793 7945 3018
9 5381 4781 1674 9602 1326 2171 5478 3755 9896
20 7799 699 3396 9382 313 8190 7037 538 3292 1435 7536 4015 8162 9170 7954 5703 9765 5492 3738 167
19 8728 6849 4164 9804 9751 9127 3434 7924 9321 742 2615 3733 8483 6688 6576 4427 947 1380 9061
6 8179 2536 8370 1246 2709 4241
5 9979 5721 9019 3861 6230
21 3008 9544 4661 7637 5712 4953 5409 4872 8505 4072 2851 5950 3060 1895 6679 5146 6561 207 9945 5831 6787
11 7640 1605 5698 8784 1777 4024 3181 5465 7015 722 9206
5 6607 6851 9186 6834 17
18 9901 4648 8588 9464 4659 4326 1016 3145 5284 609 2071 5430 3492 4947 1732 1359 4846 6314
23 7911 6123 3891 1955 1843 4782 607 3215 105 4147 2882 9919 8359 8526 1400 1092 5683 8418 2877 336 2964 5203 3796
18 3457 3138 5282 8868 506 986 595 1160 542 5909 4810 3503 4022 9648 8082 6518 2918 1243
9 7346 1061 5272 3820 8156 2378 8260 3186 3356
24 3743 9406 8978 4686 9042 5012 7162 5400 2702 8843 9607 5734 7520 2003 3634 6936 4812 7923 8451 8258 6782 8757 2332 2730
3 3539 5891 8279
7 6456 3575 965 933 1844 3111 4554
19 5406 1773 7927 1655 3537 5660 3867 5211 2694 1670 6072 2811 6477 8888 4570 2488 9736 75 4628
20 3025 5237 2511 5732 2999 1565 5764 1875 2599 7125 5326 6362 6887 450 9567 3441 3419 916 3975 1569
3 364 3491 8019
3 873 2430 301
20 7229 8021 1267 3680 3906 127 9458 377 5250 3027 6560 3300 1936 7878 8805 7476 2922 9097 3413 8017
19 7088 5500 6192 4875 1508 4481 1613 1433 8598 693 4572 7200 7736 4542 8080 6736 5097 6949 7009
14 489 1651 6245 1835 6066 397 9229 6600 1216 0 4675 4906 3120 1059
5 3692 3193 943 2463 4697
5 6649 7379 7809 7600 2134
19 2774 4706 3368 780 1797 3169 3751 6363 4173 8357 4252 7420 2637 6874 9205 6108 3347 7247 4341
9 8509 109 9306 6125 1 5169 4433 5979 2007
17 583 6740 4629 81 1944 9324 928 8200 5518 7295 1712 5638 3180 1350 1606 7459 6696
17 61 2942 2520 9109 5674 5374 6121 576 4942 1789 7218 7164 8032 5637 9337 8532 7530
18 5343 3334 9657 9457 3940 6333 5864 7763 5479 6256 5223 2792 5634 9484 2258 5819 34 3174
20 5304 2738 7224 4807 7434 6078 4371 9478 6104 7599 9153 3917 7623 7518 8095 8917 5581 2773 3478 1300
12 6694 5034 212 9524 2551 8996 5919 264 4548 5147 4320 6372
22 6633 6199 6068 5636 4826 5957 2060 8785 8909 4089 4314 8624 8004 9548 3091 4712 3964 1847 3681 2609 317 8293
22 741 4693 4184 1518 9705 32 4028 1181 9952 7680 7368 1316 4175 8971 2483 1303 822 2820 4835 1028 9630 4443
3 4011 4483 2987
19 1528 5491 481 3717 6021 1046 3685 819 3469 1882 1486 5181 9726 367 717 948 962 8864 1760
23 5222 8435 5890 5090 9549 9064 9410 1369 7513 6056 7296 4825 8009 6264 4439 2092 6720 2310 3158 2677 2517 664 4568
21 1993 7129 3067 6804 3830 3544 2754 5382 7334 272 8906 8565 2405 9253 8702 5912 360 6006 7390 355 6727
3 368 5968 3887
21 4586 4537 4935 1218 2537 9179 6274 4584 7926 736 5597 5117 4442 7511 6972 5118 205 6465 1787 361 487
22 8420 8459 8254 290 7663 380 3609 6674 2037 2042 1551 6823 8201 5 8469 7859 6631 5493 8332 6991 3898 7358
10 1353 3294 457 6076 1027 5197 6037 7693 5551 4651
3 5091 9569 9455
6 7355 2486 6015 5345 1296 3563
3 4467 7025 4069
19 7877 7210 6547 9341 4063 9505 3394 3476 5171 9372 9672 6891 3968 8468 7288 1939 6788 4298 6318
22 4066 2641 1363 5699 3915 6615 1281 7643 9238 6681 3959 7101 7699 5802 6545 73 1663 9057 3387 9154 1236 7999
